<?xml version="1.0" encoding="UTF-8"?>
<!-- Generated by org.testng.reporters.JUnitReportReporter -->
<testsuite hostname="DESKTOP-1S36LMB" failures="0" tests="3" name="package1.TestClass" time="0.026" errors="0" timestamp="30 Jul 2022 18:10:15 GMT" skipped="0">
  <testcase classname="package1.TestClass" name="OpenBrowser" time="0.001"/>
  <testcase classname="package1.TestClass" name="ActionOnBrowser" time="0.022"/>
  <testcase classname="package1.TestClass" name="CloseBrowser" time="0.003"/>
</testsuite> <!-- package1.TestClass -->
